[     710ms] [INFO] %cDownload the React DevTools for a better development experience: https://reactjs.org/link/react-devtools font-weight:bold @ http://localhost:3000/static/js/bundle.js:58621
[     819ms] [ERROR] Warning: Invalid DOM property `%s`. Did you mean `%s`?%s stop-color stopColor 
    at stop
    at radialGradient
    at defs
    at svg
    at k (http://localhost:3000/static/js/bundle.js:62617:17)
    at http://localhost:3000/static/js/bundle.js:62681:17
    at div
    at div
    at div
    at section
    at GlobalNetworkSection
    at HomePage (http://localhost:3000/static/js/bundle.js:77994:88)
    at RenderedRoute (http://localhost:3000/static/js/bundle.js:61491:5)
    at Outlet (http://localhost:3000/static/js/bundle.js:62138:26)
    at main
    at div
    at Layout (http://localhost:3000/static/js/bundle.js:71358:68)
    at RenderedRoute (http://localhost:3000/static/js/bundle.js:61491:5)
    at Routes (http://localhost:3000/static/js/bundle.js:62225:5)
    at Router (http://localhost:3000/static/js/bundle.js:62159:15)
    at BrowserRouter (http://localhost:3000/static/js/bundle.js:60060:5)
    at App @ http://localhost:3000/static/js/bundle.js:32934
[     991ms] [WARNING] ⚠️ React Router Future Flag Warning: React Router will begin wrapping state updates in `React.startTransition` in v7. You can use the `v7_startTransition` future flag to opt-in early. For more information, see https://reactrouter.com/v6/upgrading/future#v7_starttransition. @ http://localhost:3000/static/js/bundle.js:61907
[     991ms] [WARNING] ⚠️ React Router Future Flag Warning: Relative route resolution within Splat routes is changing in v7. You can use the `v7_relativeSplatPath` future flag to opt-in early. For more information, see https://reactrouter.com/v6/upgrading/future#v7_relativesplatpath. @ http://localhost:3000/static/js/bundle.js:61907
